2018-08-08 17:22:21.174 [restartedMain] INFO  com.bonc.businesscircle.BusinessCircleApplication - Starting BusinessCircleApplication on zhaoxuyuan-PC with PID 7060 (D:\czx_work\business-circle\target\classes started by leng in D:\czx_work\business-circle)
2018-08-08 17:22:21.176 [restartedMain] INFO  com.bonc.businesscircle.BusinessCircleApplication - No active profile set, falling back to default profiles: default
2018-08-08 17:22:21.217 [restartedMain] INFO  o.s.b.w.s.c.AnnotationConfigServletWebServerApplicationContext - Refreshing org.springframework.boot.web.servlet.context.AnnotationConfigServletWebServerApplicationContext@2f6aa794: startup date [Wed Aug 08 17:22:21 CST 2018]; root of context hierarchy
2018-08-08 17:22:23.177 [restartedMain] INFO  o.s.c.s.PostProcessorRegistrationDelegate$BeanPostProcessorChecker - Bean 'org.springframework.transaction.annotation.ProxyTransactionManagementConfiguration' of type [org.springframework.transaction.annotation.ProxyTransactionManagementConfiguration$$EnhancerBySpringCGLIB$$3f147450] is not eligible for getting processed by all BeanPostProcessors (for example: not eligible for auto-proxying)
2018-08-08 17:22:23.990 [restartedMain] INFO  o.s.boot.web.embedded.tomcat.TomcatWebServer - Tomcat initialized with port(s): 8080 (http)
2018-08-08 17:22:24.014 [restartedMain] INFO  org.apache.coyote.http11.Http11NioProtocol - Initializing ProtocolHandler ["http-nio-8080"]
2018-08-08 17:22:24.038 [restartedMain] INFO  org.apache.catalina.core.StandardService - Starting service [Tomcat]
2018-08-08 17:22:24.038 [restartedMain] INFO  org.apache.catalina.core.StandardEngine - Starting Servlet Engine: Apache Tomcat/8.5.31
2018-08-08 17:22:24.041 [localhost-startStop-1] INFO  org.apache.catalina.core.AprLifecycleListener - The APR based Apache Tomcat Native library which allows optimal performance in production environments was not found on the java.library.path: [C:\Program Files\Java\jdk1.8.0_111\bin;C:\Windows\Sun\Java\bin;C:\Windows\system32;C:\Windows;E:\app\bonc\product\12.1.0\dbhome_1\bin;C:\Program Files\Java\jdk1.8.0_111\bin;C:\Program Files\Java\jdk1.8.0_111\jre\bin;C:\Windows\system32;C:\Windows;C:\Windows\System32\Wbem;C:\Windows\System32\WindowsPowerShell\v1.0\;E:\develop\Java\nodejs;E:\develop\Java\mysql-5.7.13-winx64;E:\develop\Java\erl9.0\bin;E:\develop\Java\rabbitmq\rabbitmq_server-3.6.10\sbin;D:\maven\apache-maven-3.5.0\bin;D:\Git\Git\bin;C:\Program Files\MySQL\MySQL Server 5.7\bin;C:\Users\leng\AppData\Roaming\npm;C:\Users\leng\AppData\Local\GitHubDesktop\bin;.]
2018-08-08 17:22:24.151 [localhost-startStop-1] INFO  o.a.c.core.ContainerBase.[Tomcat].[localhost].[/] - Initializing Spring embedded WebApplicationContext
2018-08-08 17:22:24.152 [localhost-startStop-1] INFO  org.springframework.web.context.ContextLoader - Root WebApplicationContext: initialization completed in 2935 ms
2018-08-08 17:22:24.311 [localhost-startStop-1] INFO  o.s.boot.web.servlet.ServletRegistrationBean - Servlet dispatcherServlet mapped to [/]
2018-08-08 17:22:24.315 [localhost-startStop-1] INFO  o.s.boot.web.servlet.FilterRegistrationBean - Mapping filter: 'characterEncodingFilter' to: [/*]
2018-08-08 17:22:24.315 [localhost-startStop-1] INFO  o.s.boot.web.servlet.FilterRegistrationBean - Mapping filter: 'hiddenHttpMethodFilter' to: [/*]
2018-08-08 17:22:24.315 [localhost-startStop-1] INFO  o.s.boot.web.servlet.FilterRegistrationBean - Mapping filter: 'httpPutFormContentFilter' to: [/*]
2018-08-08 17:22:24.315 [localhost-startStop-1] INFO  o.s.boot.web.servlet.FilterRegistrationBean - Mapping filter: 'requestContextFilter' to: [/*]
2018-08-08 17:22:25.226 [restartedMain] INFO  o.s.w.s.m.m.a.RequestMappingHandlerMapping - Mapped "{[/consumption],methods=[GET]}" onto public java.lang.Object com.bonc.businesscircle.controller.ConsumptionController.getConsumptionNum(java.lang.String,java.lang.String) throws java.lang.Exception
2018-08-08 17:22:25.227 [restartedMain] INFO  o.s.w.s.m.m.a.RequestMappingHandlerMapping - Mapped "{[/crossroads],methods=[GET]}" onto public java.lang.Object com.bonc.businesscircle.controller.CrossroadsController.getCrossroadsNum(java.lang.String,java.lang.String) throws java.lang.Exception
2018-08-08 17:22:25.228 [restartedMain] INFO  o.s.w.s.m.m.a.RequestMappingHandlerMapping - Mapped "{[/demographic/sexAndAge],methods=[GET]}" onto public java.lang.Object com.bonc.businesscircle.controller.DemographicController.getSexNum(java.lang.String,java.lang.String) throws java.lang.Exception
2018-08-08 17:22:25.228 [restartedMain] INFO  o.s.w.s.m.m.a.RequestMappingHandlerMapping - Mapped "{[/demographic/work],methods=[GET]}" onto public java.lang.Object com.bonc.businesscircle.controller.DemographicController.getWorkNum(java.lang.String,java.lang.String) throws java.lang.Exception
2018-08-08 17:22:25.229 [restartedMain] INFO  o.s.w.s.m.m.a.RequestMappingHandlerMapping - Mapped "{[/time/avgTime],methods=[GET]}" onto public java.lang.Object com.bonc.businesscircle.controller.ResidentTimeController.getSourceRank(java.lang.String,java.lang.String) throws java.lang.Exception
2018-08-08 17:22:25.229 [restartedMain] INFO  o.s.w.s.m.m.a.RequestMappingHandlerMapping - Mapped "{[/time/avgAndNum],methods=[GET]}" onto public java.lang.Object com.bonc.businesscircle.controller.ResidentTimeController.getAvgAndNum(java.lang.String,java.lang.String) throws java.lang.Exception
2018-08-08 17:22:25.230 [restartedMain] INFO  o.s.w.s.m.m.a.RequestMappingHandlerMapping - Mapped "{[/rank/sourceRank],methods=[GET]}" onto public java.lang.Object com.bonc.businesscircle.controller.SourceRankController.getSourceRank(java.lang.String,java.lang.String) throws java.lang.Exception
2018-08-08 17:22:25.230 [restartedMain] INFO  o.s.w.s.m.m.a.RequestMappingHandlerMapping - Mapped "{[/rank/topRank],methods=[GET]}" onto public java.lang.Object com.bonc.businesscircle.controller.SourceRankController.getLiveRank(java.lang.String,java.lang.String,java.lang.String) throws java.lang.Exception
2018-08-08 17:22:25.231 [restartedMain] INFO  o.s.w.s.m.m.a.RequestMappingHandlerMapping - Mapped "{[/traffic/todayTraffic],methods=[GET]}" onto public java.lang.Object com.bonc.businesscircle.controller.TrafficAnalysisController.getTodayTraffic(java.lang.String,java.lang.String) throws java.lang.Exception
2018-08-08 17:22:25.231 [restartedMain] INFO  o.s.w.s.m.m.a.RequestMappingHandlerMapping - Mapped "{[/traffic/realTraffic],methods=[GET]}" onto public java.lang.Object com.bonc.businesscircle.controller.TrafficAnalysisController.getRealTraffic(java.lang.String,java.lang.String) throws java.lang.Exception
2018-08-08 17:22:25.231 [restartedMain] INFO  o.s.w.s.m.m.a.RequestMappingHandlerMapping - Mapped "{[/visitors],methods=[GET]}" onto public java.lang.Object com.bonc.businesscircle.controller.VisitorsTypeController.getVisitorsType(java.lang.String,java.lang.String) throws java.lang.Exception
2018-08-08 17:22:25.234 [restartedMain] INFO  o.s.w.s.m.m.a.RequestMappingHandlerMapping - Mapped "{[/swagger-resources]}" onto public org.springframework.http.ResponseEntity<java.util.List<springfox.documentation.swagger.web.SwaggerResource>> springfox.documentation.swagger.web.ApiResourceController.swaggerResources()
2018-08-08 17:22:25.235 [restartedMain] INFO  o.s.w.s.m.m.a.RequestMappingHandlerMapping - Mapped "{[/swagger-resources/configuration/ui]}" onto public org.springframework.http.ResponseEntity<springfox.documentation.swagger.web.UiConfiguration> springfox.documentation.swagger.web.ApiResourceController.uiConfiguration()
2018-08-08 17:22:25.235 [restartedMain] INFO  o.s.w.s.m.m.a.RequestMappingHandlerMapping - Mapped "{[/swagger-resources/configuration/security]}" onto public org.springframework.http.ResponseEntity<springfox.documentation.swagger.web.SecurityConfiguration> springfox.documentation.swagger.web.ApiResourceController.securityConfiguration()
2018-08-08 17:22:25.237 [restartedMain] INFO  o.s.w.s.m.m.a.RequestMappingHandlerMapping - Mapped "{[/error]}" onto public org.springframework.http.ResponseEntity<java.util.Map<java.lang.String, java.lang.Object>> org.springframework.boot.autoconfigure.web.servlet.error.BasicErrorController.error(javax.servlet.http.HttpServletRequest)
2018-08-08 17:22:25.238 [restartedMain] INFO  o.s.w.s.m.m.a.RequestMappingHandlerMapping - Mapped "{[/error],produces=[text/html]}" onto public org.springframework.web.servlet.ModelAndView org.springframework.boot.autoconfigure.web.servlet.error.BasicErrorController.errorHtml(javax.servlet.http.HttpServletRequest,javax.servlet.http.HttpServletResponse)
2018-08-08 17:22:25.395 [restartedMain] INFO  s.d.s.w.PropertySourcedRequestMappingHandlerMapping - Mapped URL path [/v2/api-docs] onto method [public org.springframework.http.ResponseEntity<springfox.documentation.spring.web.json.Json> springfox.documentation.swagger2.web.Swagger2Controller.getDocumentation(java.lang.String,javax.servlet.http.HttpServletRequest)]
2018-08-08 17:22:25.459 [restartedMain] INFO  o.s.web.servlet.handler.SimpleUrlHandlerMapping - Mapped URL path [/**/favicon.ico] onto handler of type [class org.springframework.web.servlet.resource.ResourceHttpRequestHandler]
2018-08-08 17:22:25.702 [restartedMain] INFO  o.s.w.s.m.m.a.RequestMappingHandlerAdapter - Looking for @ControllerAdvice: org.springframework.boot.web.servlet.context.AnnotationConfigServletWebServerApplicationContext@2f6aa794: startup date [Wed Aug 08 17:22:21 CST 2018]; root of context hierarchy
2018-08-08 17:22:25.787 [restartedMain] INFO  o.s.web.servlet.handler.SimpleUrlHandlerMapping - Mapped URL path [/webjars/**] onto handler of type [class org.springframework.web.servlet.resource.ResourceHttpRequestHandler]
2018-08-08 17:22:25.788 [restartedMain] INFO  o.s.web.servlet.handler.SimpleUrlHandlerMapping - Mapped URL path [/**] onto handler of type [class org.springframework.web.servlet.resource.ResourceHttpRequestHandler]
2018-08-08 17:22:25.800 [restartedMain] INFO  o.s.w.s.m.m.a.ExceptionHandlerExceptionResolver - Detected @ExceptionHandler methods in globalExceptionHandler
2018-08-08 17:22:26.110 [restartedMain] INFO  o.s.b.d.autoconfigure.OptionalLiveReloadServer - LiveReload server is running on port 35729
2018-08-08 17:22:26.134 [restartedMain] INFO  o.s.jmx.export.annotation.AnnotationMBeanExporter - Registering beans for JMX exposure on startup
2018-08-08 17:22:26.136 [restartedMain] INFO  o.s.jmx.export.annotation.AnnotationMBeanExporter - Bean with name 'dataSource' has been autodetected for JMX exposure
2018-08-08 17:22:26.140 [restartedMain] INFO  o.s.jmx.export.annotation.AnnotationMBeanExporter - Located MBean 'dataSource': registering with JMX server as MBean [com.zaxxer.hikari:name=dataSource,type=HikariDataSource]
2018-08-08 17:22:26.144 [restartedMain] INFO  o.s.context.support.DefaultLifecycleProcessor - Starting beans in phase 2147483647
2018-08-08 17:22:26.144 [restartedMain] INFO  s.d.s.web.plugins.DocumentationPluginsBootstrapper - Context refreshed
2018-08-08 17:22:26.201 [restartedMain] INFO  s.d.s.web.plugins.DocumentationPluginsBootstrapper - Found 1 custom documentation plugin(s)
2018-08-08 17:22:26.225 [restartedMain] INFO  s.d.spring.web.scanners.ApiListingReferenceScanner - Scanning for api listing references
2018-08-08 17:22:26.331 [restartedMain] INFO  s.d.s.w.r.operation.CachingOperationNameGenerator - Generating unique operation named: getSourceRankUsingGET_1
2018-08-08 17:22:26.355 [restartedMain] INFO  org.apache.coyote.http11.Http11NioProtocol - Starting ProtocolHandler ["http-nio-8080"]
2018-08-08 17:22:26.363 [restartedMain] INFO  org.apache.tomcat.util.net.NioSelectorPool - Using a shared selector for servlet write/read
2018-08-08 17:22:26.592 [restartedMain] INFO  o.s.boot.web.embedded.tomcat.TomcatWebServer - Tomcat started on port(s): 8080 (http) with context path ''
2018-08-08 17:22:26.597 [restartedMain] INFO  com.bonc.businesscircle.BusinessCircleApplication - Started BusinessCircleApplication in 5.787 seconds (JVM running for 8.336)
2018-08-08 17:26:29.794 [Thread-18] INFO  o.s.b.w.s.c.AnnotationConfigServletWebServerApplicationContext - Closing org.springframework.boot.web.servlet.context.AnnotationConfigServletWebServerApplicationContext@2f6aa794: startup date [Wed Aug 08 17:22:21 CST 2018]; root of context hierarchy
2018-08-08 17:26:29.796 [Thread-18] INFO  o.s.context.support.DefaultLifecycleProcessor - Stopping beans in phase 2147483647
2018-08-08 17:26:29.798 [Thread-18] INFO  o.s.jmx.export.annotation.AnnotationMBeanExporter - Unregistering JMX-exposed beans on shutdown
2018-08-08 17:26:29.798 [Thread-18] INFO  o.s.jmx.export.annotation.AnnotationMBeanExporter - Unregistering JMX-exposed beans
2018-08-08 17:26:30.143 [restartedMain] INFO  com.bonc.businesscircle.BusinessCircleApplication - Starting BusinessCircleApplication on zhaoxuyuan-PC with PID 7060 (D:\czx_work\business-circle\target\classes started by leng in D:\czx_work\business-circle)
2018-08-08 17:26:30.144 [restartedMain] INFO  com.bonc.businesscircle.BusinessCircleApplication - No active profile set, falling back to default profiles: default
2018-08-08 17:26:30.146 [restartedMain] INFO  o.s.b.w.s.c.AnnotationConfigServletWebServerApplicationContext - Refreshing org.springframework.boot.web.servlet.context.AnnotationConfigServletWebServerApplicationContext@e08e6a0: startup date [Wed Aug 08 17:26:30 CST 2018]; root of context hierarchy
2018-08-08 17:26:30.646 [restartedMain] INFO  o.s.c.s.PostProcessorRegistrationDelegate$BeanPostProcessorChecker - Bean 'org.springframework.transaction.annotation.ProxyTransactionManagementConfiguration' of type [org.springframework.transaction.annotation.ProxyTransactionManagementConfiguration$$EnhancerBySpringCGLIB$$3f147450] is not eligible for getting processed by all BeanPostProcessors (for example: not eligible for auto-proxying)
2018-08-08 17:26:30.733 [restartedMain] INFO  o.s.boot.web.embedded.tomcat.TomcatWebServer - Tomcat initialized with port(s): 8080 (http)
2018-08-08 17:26:30.734 [restartedMain] INFO  org.apache.coyote.http11.Http11NioProtocol - Initializing ProtocolHandler ["http-nio-8080"]
2018-08-08 17:26:30.734 [restartedMain] INFO  org.apache.catalina.core.StandardService - Starting service [Tomcat]
2018-08-08 17:26:30.734 [restartedMain] INFO  org.apache.catalina.core.StandardEngine - Starting Servlet Engine: Apache Tomcat/8.5.31
2018-08-08 17:26:30.757 [localhost-startStop-1] INFO  o.a.c.core.ContainerBase.[Tomcat].[localhost].[/] - Initializing Spring embedded WebApplicationContext
2018-08-08 17:26:30.758 [localhost-startStop-1] INFO  org.springframework.web.context.ContextLoader - Root WebApplicationContext: initialization completed in 612 ms
2018-08-08 17:26:30.825 [localhost-startStop-1] INFO  o.s.boot.web.servlet.ServletRegistrationBean - Servlet dispatcherServlet mapped to [/]
2018-08-08 17:26:30.825 [localhost-startStop-1] INFO  o.s.boot.web.servlet.FilterRegistrationBean - Mapping filter: 'characterEncodingFilter' to: [/*]
2018-08-08 17:26:30.825 [localhost-startStop-1] INFO  o.s.boot.web.servlet.FilterRegistrationBean - Mapping filter: 'hiddenHttpMethodFilter' to: [/*]
2018-08-08 17:26:30.825 [localhost-startStop-1] INFO  o.s.boot.web.servlet.FilterRegistrationBean - Mapping filter: 'httpPutFormContentFilter' to: [/*]
2018-08-08 17:26:30.825 [localhost-startStop-1] INFO  o.s.boot.web.servlet.FilterRegistrationBean - Mapping filter: 'requestContextFilter' to: [/*]
2018-08-08 17:26:31.087 [restartedMain] INFO  o.s.w.s.m.m.a.RequestMappingHandlerMapping - Mapped "{[/consumption],methods=[GET]}" onto public java.lang.Object com.bonc.businesscircle.controller.ConsumptionController.getConsumptionNum(java.lang.String,java.lang.String) throws java.lang.Exception
2018-08-08 17:26:31.087 [restartedMain] INFO  o.s.w.s.m.m.a.RequestMappingHandlerMapping - Mapped "{[/crossroads],methods=[GET]}" onto public java.lang.Object com.bonc.businesscircle.controller.CrossroadsController.getCrossroadsNum(java.lang.String,java.lang.String) throws java.lang.Exception
2018-08-08 17:26:31.088 [restartedMain] INFO  o.s.w.s.m.m.a.RequestMappingHandlerMapping - Mapped "{[/demographic/sexAndAge],methods=[GET]}" onto public java.lang.Object com.bonc.businesscircle.controller.DemographicController.getSexNum(java.lang.String,java.lang.String) throws java.lang.Exception
2018-08-08 17:26:31.088 [restartedMain] INFO  o.s.w.s.m.m.a.RequestMappingHandlerMapping - Mapped "{[/demographic/work],methods=[GET]}" onto public java.lang.Object com.bonc.businesscircle.controller.DemographicController.getWorkNum(java.lang.String,java.lang.String) throws java.lang.Exception
2018-08-08 17:26:31.090 [restartedMain] INFO  o.s.w.s.m.m.a.RequestMappingHandlerMapping - Mapped "{[/time/avgTime],methods=[GET]}" onto public java.lang.Object com.bonc.businesscircle.controller.ResidentTimeController.getSourceRank(java.lang.String,java.lang.String) throws java.lang.Exception
2018-08-08 17:26:31.090 [restartedMain] INFO  o.s.w.s.m.m.a.RequestMappingHandlerMapping - Mapped "{[/time/avgAndNum],methods=[GET]}" onto public java.lang.Object com.bonc.businesscircle.controller.ResidentTimeController.getAvgAndNum(java.lang.String,java.lang.String) throws java.lang.Exception
2018-08-08 17:26:31.091 [restartedMain] INFO  o.s.w.s.m.m.a.RequestMappingHandlerMapping - Mapped "{[/rank/sourceRank],methods=[GET]}" onto public java.lang.Object com.bonc.businesscircle.controller.SourceRankController.getSourceRank(java.lang.String,java.lang.String) throws java.lang.Exception
2018-08-08 17:26:31.091 [restartedMain] INFO  o.s.w.s.m.m.a.RequestMappingHandlerMapping - Mapped "{[/rank/topRank],methods=[GET]}" onto public java.lang.Object com.bonc.businesscircle.controller.SourceRankController.getLiveRank(java.lang.String,java.lang.String,java.lang.String) throws java.lang.Exception
2018-08-08 17:26:31.091 [restartedMain] INFO  o.s.w.s.m.m.a.RequestMappingHandlerMapping - Mapped "{[/traffic/todayTraffic],methods=[GET]}" onto public java.lang.Object com.bonc.businesscircle.controller.TrafficAnalysisController.getTodayTraffic(java.lang.String,java.lang.String) throws java.lang.Exception
2018-08-08 17:26:31.092 [restartedMain] INFO  o.s.w.s.m.m.a.RequestMappingHandlerMapping - Mapped "{[/traffic/realTraffic],methods=[GET]}" onto public java.lang.Object com.bonc.businesscircle.controller.TrafficAnalysisController.getRealTraffic(java.lang.String,java.lang.String) throws java.lang.Exception
2018-08-08 17:26:31.092 [restartedMain] INFO  o.s.w.s.m.m.a.RequestMappingHandlerMapping - Mapped "{[/visitors],methods=[GET]}" onto public java.lang.Object com.bonc.businesscircle.controller.VisitorsTypeController.getVisitorsType(java.lang.String,java.lang.String) throws java.lang.Exception
2018-08-08 17:26:31.094 [restartedMain] INFO  o.s.w.s.m.m.a.RequestMappingHandlerMapping - Mapped "{[/swagger-resources]}" onto public org.springframework.http.ResponseEntity<java.util.List<springfox.documentation.swagger.web.SwaggerResource>> springfox.documentation.swagger.web.ApiResourceController.swaggerResources()
2018-08-08 17:26:31.094 [restartedMain] INFO  o.s.w.s.m.m.a.RequestMappingHandlerMapping - Mapped "{[/swagger-resources/configuration/ui]}" onto public org.springframework.http.ResponseEntity<springfox.documentation.swagger.web.UiConfiguration> springfox.documentation.swagger.web.ApiResourceController.uiConfiguration()
2018-08-08 17:26:31.094 [restartedMain] INFO  o.s.w.s.m.m.a.RequestMappingHandlerMapping - Mapped "{[/swagger-resources/configuration/security]}" onto public org.springframework.http.ResponseEntity<springfox.documentation.swagger.web.SecurityConfiguration> springfox.documentation.swagger.web.ApiResourceController.securityConfiguration()
2018-08-08 17:26:31.095 [restartedMain] INFO  o.s.w.s.m.m.a.RequestMappingHandlerMapping - Mapped "{[/error]}" onto public org.springframework.http.ResponseEntity<java.util.Map<java.lang.String, java.lang.Object>> org.springframework.boot.autoconfigure.web.servlet.error.BasicErrorController.error(javax.servlet.http.HttpServletRequest)
2018-08-08 17:26:31.096 [restartedMain] INFO  o.s.w.s.m.m.a.RequestMappingHandlerMapping - Mapped "{[/error],produces=[text/html]}" onto public org.springframework.web.servlet.ModelAndView org.springframework.boot.autoconfigure.web.servlet.error.BasicErrorController.errorHtml(javax.servlet.http.HttpServletRequest,javax.servlet.http.HttpServletResponse)
2018-08-08 17:26:31.143 [restartedMain] INFO  s.d.s.w.PropertySourcedRequestMappingHandlerMapping - Mapped URL path [/v2/api-docs] onto method [public org.springframework.http.ResponseEntity<springfox.documentation.spring.web.json.Json> springfox.documentation.swagger2.web.Swagger2Controller.getDocumentation(java.lang.String,javax.servlet.http.HttpServletRequest)]
2018-08-08 17:26:31.166 [restartedMain] INFO  o.s.web.servlet.handler.SimpleUrlHandlerMapping - Mapped URL path [/**/favicon.ico] onto handler of type [class org.springframework.web.servlet.resource.ResourceHttpRequestHandler]
2018-08-08 17:26:31.217 [restartedMain] INFO  o.s.w.s.m.m.a.RequestMappingHandlerAdapter - Looking for @ControllerAdvice: org.springframework.boot.web.servlet.context.AnnotationConfigServletWebServerApplicationContext@e08e6a0: startup date [Wed Aug 08 17:26:30 CST 2018]; root of context hierarchy
2018-08-08 17:26:31.230 [restartedMain] INFO  o.s.web.servlet.handler.SimpleUrlHandlerMapping - Mapped URL path [/webjars/**] onto handler of type [class org.springframework.web.servlet.resource.ResourceHttpRequestHandler]
2018-08-08 17:26:31.230 [restartedMain] INFO  o.s.web.servlet.handler.SimpleUrlHandlerMapping - Mapped URL path [/**] onto handler of type [class org.springframework.web.servlet.resource.ResourceHttpRequestHandler]
2018-08-08 17:26:31.237 [restartedMain] INFO  o.s.w.s.m.m.a.ExceptionHandlerExceptionResolver - Detected @ExceptionHandler methods in globalExceptionHandler
2018-08-08 17:26:31.316 [restartedMain] INFO  o.s.b.d.autoconfigure.OptionalLiveReloadServer - LiveReload server is running on port 35729
2018-08-08 17:26:31.330 [restartedMain] INFO  o.s.jmx.export.annotation.AnnotationMBeanExporter - Registering beans for JMX exposure on startup
2018-08-08 17:26:31.331 [restartedMain] INFO  o.s.jmx.export.annotation.AnnotationMBeanExporter - Bean with name 'dataSource' has been autodetected for JMX exposure
2018-08-08 17:26:31.334 [restartedMain] INFO  o.s.jmx.export.annotation.AnnotationMBeanExporter - Located MBean 'dataSource': registering with JMX server as MBean [com.zaxxer.hikari:name=dataSource,type=HikariDataSource]
2018-08-08 17:26:31.335 [restartedMain] INFO  o.s.context.support.DefaultLifecycleProcessor - Starting beans in phase 2147483647
2018-08-08 17:26:31.335 [restartedMain] INFO  s.d.s.web.plugins.DocumentationPluginsBootstrapper - Context refreshed
2018-08-08 17:26:31.336 [restartedMain] INFO  s.d.s.web.plugins.DocumentationPluginsBootstrapper - Found 1 custom documentation plugin(s)
2018-08-08 17:26:31.339 [restartedMain] INFO  s.d.spring.web.scanners.ApiListingReferenceScanner - Scanning for api listing references
2018-08-08 17:26:31.357 [restartedMain] INFO  s.d.s.w.r.operation.CachingOperationNameGenerator - Generating unique operation named: getSourceRankUsingGET_1
2018-08-08 17:26:31.366 [restartedMain] INFO  org.apache.coyote.http11.Http11NioProtocol - Starting ProtocolHandler ["http-nio-8080"]
2018-08-08 17:26:31.368 [restartedMain] INFO  org.apache.tomcat.util.net.NioSelectorPool - Using a shared selector for servlet write/read
2018-08-08 17:26:31.373 [restartedMain] INFO  o.s.boot.web.embedded.tomcat.TomcatWebServer - Tomcat started on port(s): 8080 (http) with context path ''
2018-08-08 17:26:31.374 [restartedMain] INFO  com.bonc.businesscircle.BusinessCircleApplication - Started BusinessCircleApplication in 1.259 seconds (JVM running for 253.11)
2018-08-08 17:26:31.377 [restartedMain] INFO  o.s.b.d.a.ConditionEvaluationDeltaLoggingListener - Condition evaluation unchanged
2018-08-08 17:27:49.574 [main] INFO  o.s.b.t.context.SpringBootTestContextBootstrapper - Neither @ContextConfiguration nor @ContextHierarchy found for test class [com.bonc.businesscircle.BusinessCircleApplicationTests], using SpringBootContextLoader
2018-08-08 17:27:49.579 [main] INFO  o.s.test.context.support.AbstractContextLoader - Could not detect default resource locations for test class [com.bonc.businesscircle.BusinessCircleApplicationTests]: no resource found for suffixes {-context.xml, Context.groovy}.
2018-08-08 17:27:49.580 [main] INFO  o.s.t.c.support.AnnotationConfigContextLoaderUtils - Could not detect default configuration classes for test class [com.bonc.businesscircle.BusinessCircleApplicationTests]: BusinessCircleApplicationTests does not declare any static, non-private, non-final, nested classes annotated with @Configuration.
2018-08-08 17:27:49.990 [main] INFO  o.s.b.t.context.SpringBootTestContextBootstrapper - Found @SpringBootConfiguration com.bonc.businesscircle.BusinessCircleApplication for test class com.bonc.businesscircle.BusinessCircleApplicationTests
2018-08-08 17:27:50.172 [main] INFO  o.s.b.t.context.SpringBootTestContextBootstrapper - Loaded default TestExecutionListener class names from location [META-INF/spring.factories]: [org.springframework.boot.test.mock.mockito.MockitoTestExecutionListener, org.springframework.boot.test.mock.mockito.ResetMocksTestExecutionListener, org.springframework.boot.test.autoconfigure.restdocs.RestDocsTestExecutionListener, org.springframework.boot.test.autoconfigure.web.client.MockRestServiceServerResetTestExecutionListener, org.springframework.boot.test.autoconfigure.web.servlet.MockMvcPrintOnlyOnFailureTestExecutionListener, org.springframework.boot.test.autoconfigure.web.servlet.WebDriverTestExecutionListener, org.springframework.test.context.web.ServletTestExecutionListener, org.springframework.test.context.support.DirtiesContextBeforeModesTestExecutionListener, org.springframework.test.context.support.DependencyInjectionTestExecutionListener, org.springframework.test.context.support.DirtiesContextTestExecutionListener, org.springframework.test.context.transaction.TransactionalTestExecutionListener, org.springframework.test.context.jdbc.SqlScriptsTestExecutionListener]
2018-08-08 17:27:50.305 [main] INFO  o.s.b.t.context.SpringBootTestContextBootstrapper - Using TestExecutionListeners: [org.springframework.test.context.web.ServletTestExecutionListener@593aaf41, org.springframework.test.context.support.DirtiesContextBeforeModesTestExecutionListener@5a56cdac, org.springframework.boot.test.mock.mockito.MockitoTestExecutionListener@7c711375, org.springframework.boot.test.autoconfigure.SpringBootDependencyInjectionTestExecutionListener@57cf54e1, org.springframework.test.context.support.DirtiesContextTestExecutionListener@5b03b9fe, org.springframework.test.context.transaction.TransactionalTestExecutionListener@37d4349f, org.springframework.test.context.jdbc.SqlScriptsTestExecutionListener@434a63ab, org.springframework.boot.test.mock.mockito.ResetMocksTestExecutionListener@6e0f5f7f, org.springframework.boot.test.autoconfigure.restdocs.RestDocsTestExecutionListener@2805d709, org.springframework.boot.test.autoconfigure.web.client.MockRestServiceServerResetTestExecutionListener@3ee37e5a, org.springframework.boot.test.autoconfigure.web.servlet.MockMvcPrintOnlyOnFailureTestExecutionListener@2ea41516, org.springframework.boot.test.autoconfigure.web.servlet.WebDriverTestExecutionListener@3a44431a]
2018-08-08 17:27:51.487 [main] WARN  o.s.b.t.j.DuplicateJsonObjectContextCustomizerFactory$DuplicateJsonObjectContextCustomizer - 

Found multiple occurrences of org.json.JSONObject on the class path:

	jar:file:/D:/maven/repo/com/vaadin/external/google/android-json/0.0.20131108.vaadin1/android-json-0.0.20131108.vaadin1.jar!/org/json/JSONObject.class
	jar:file:/D:/maven/repo/org/json/json/20160810/json-20160810.jar!/org/json/JSONObject.class

You may wish to exclude one of them to ensure predictable runtime behavior

2018-08-08 17:27:51.591 [main] INFO  c.b.businesscircle.BusinessCircleApplicationTests - Starting BusinessCircleApplicationTests on zhaoxuyuan-PC with PID 7204 (started by leng in D:\czx_work\business-circle)
2018-08-08 17:27:51.591 [main] INFO  c.b.businesscircle.BusinessCircleApplicationTests - No active profile set, falling back to default profiles: default
2018-08-08 17:27:51.625 [main] INFO  o.s.w.context.support.GenericWebApplicationContext - Refreshing org.springframework.web.context.support.GenericWebApplicationContext@1a72a540: startup date [Wed Aug 08 17:27:51 CST 2018]; root of context hierarchy
2018-08-08 17:27:53.118 [main] INFO  o.s.c.s.PostProcessorRegistrationDelegate$BeanPostProcessorChecker - Bean 'org.springframework.transaction.annotation.ProxyTransactionManagementConfiguration' of type [org.springframework.transaction.annotation.ProxyTransactionManagementConfiguration$$EnhancerBySpringCGLIB$$2b259e4d] is not eligible for getting processed by all BeanPostProcessors (for example: not eligible for auto-proxying)
2018-08-08 17:27:54.487 [main] INFO  o.s.w.s.m.m.a.RequestMappingHandlerMapping - Mapped "{[/consumption],methods=[GET]}" onto public java.lang.Object com.bonc.businesscircle.controller.ConsumptionController.getConsumptionNum(java.lang.String,java.lang.String) throws java.lang.Exception
2018-08-08 17:27:54.488 [main] INFO  o.s.w.s.m.m.a.RequestMappingHandlerMapping - Mapped "{[/crossroads],methods=[GET]}" onto public java.lang.Object com.bonc.businesscircle.controller.CrossroadsController.getCrossroadsNum(java.lang.String,java.lang.String) throws java.lang.Exception
2018-08-08 17:27:54.489 [main] INFO  o.s.w.s.m.m.a.RequestMappingHandlerMapping - Mapped "{[/demographic/sexAndAge],methods=[GET]}" onto public java.lang.Object com.bonc.businesscircle.controller.DemographicController.getSexNum(java.lang.String,java.lang.String) throws java.lang.Exception
2018-08-08 17:27:54.490 [main] INFO  o.s.w.s.m.m.a.RequestMappingHandlerMapping - Mapped "{[/demographic/work],methods=[GET]}" onto public java.lang.Object com.bonc.businesscircle.controller.DemographicController.getWorkNum(java.lang.String,java.lang.String) throws java.lang.Exception
2018-08-08 17:27:54.490 [main] INFO  o.s.w.s.m.m.a.RequestMappingHandlerMapping - Mapped "{[/time/avgTime],methods=[GET]}" onto public java.lang.Object com.bonc.businesscircle.controller.ResidentTimeController.getSourceRank(java.lang.String,java.lang.String) throws java.lang.Exception
2018-08-08 17:27:54.502 [main] INFO  o.s.w.s.m.m.a.RequestMappingHandlerMapping - Mapped "{[/time/avgAndNum],methods=[GET]}" onto public java.lang.Object com.bonc.businesscircle.controller.ResidentTimeController.getAvgAndNum(java.lang.String,java.lang.String) throws java.lang.Exception
2018-08-08 17:27:54.504 [main] INFO  o.s.w.s.m.m.a.RequestMappingHandlerMapping - Mapped "{[/rank/sourceRank],methods=[GET]}" onto public java.lang.Object com.bonc.businesscircle.controller.SourceRankController.getSourceRank(java.lang.String,java.lang.String) throws java.lang.Exception
2018-08-08 17:27:54.504 [main] INFO  o.s.w.s.m.m.a.RequestMappingHandlerMapping - Mapped "{[/rank/topRank],methods=[GET]}" onto public java.lang.Object com.bonc.businesscircle.controller.SourceRankController.getLiveRank(java.lang.String,java.lang.String,java.lang.String) throws java.lang.Exception
2018-08-08 17:27:54.505 [main] INFO  o.s.w.s.m.m.a.RequestMappingHandlerMapping - Mapped "{[/traffic/todayTraffic],methods=[GET]}" onto public java.lang.Object com.bonc.businesscircle.controller.TrafficAnalysisController.getTodayTraffic(java.lang.String,java.lang.String) throws java.lang.Exception
2018-08-08 17:27:54.505 [main] INFO  o.s.w.s.m.m.a.RequestMappingHandlerMapping - Mapped "{[/traffic/realTraffic],methods=[GET]}" onto public java.lang.Object com.bonc.businesscircle.controller.TrafficAnalysisController.getRealTraffic(java.lang.String,java.lang.String) throws java.lang.Exception
2018-08-08 17:27:54.506 [main] INFO  o.s.w.s.m.m.a.RequestMappingHandlerMapping - Mapped "{[/visitors],methods=[GET]}" onto public java.lang.Object com.bonc.businesscircle.controller.VisitorsTypeController.getVisitorsType(java.lang.String,java.lang.String) throws java.lang.Exception
2018-08-08 17:27:54.508 [main] INFO  o.s.w.s.m.m.a.RequestMappingHandlerMapping - Mapped "{[/swagger-resources/configuration/security]}" onto public org.springframework.http.ResponseEntity<springfox.documentation.swagger.web.SecurityConfiguration> springfox.documentation.swagger.web.ApiResourceController.securityConfiguration()
2018-08-08 17:27:54.509 [main] INFO  o.s.w.s.m.m.a.RequestMappingHandlerMapping - Mapped "{[/swagger-resources]}" onto public org.springframework.http.ResponseEntity<java.util.List<springfox.documentation.swagger.web.SwaggerResource>> springfox.documentation.swagger.web.ApiResourceController.swaggerResources()
2018-08-08 17:27:54.510 [main] INFO  o.s.w.s.m.m.a.RequestMappingHandlerMapping - Mapped "{[/swagger-resources/configuration/ui]}" onto public org.springframework.http.ResponseEntity<springfox.documentation.swagger.web.UiConfiguration> springfox.documentation.swagger.web.ApiResourceController.uiConfiguration()
2018-08-08 17:27:54.513 [main] INFO  o.s.w.s.m.m.a.RequestMappingHandlerMapping - Mapped "{[/error]}" onto public org.springframework.http.ResponseEntity<java.util.Map<java.lang.String, java.lang.Object>> org.springframework.boot.autoconfigure.web.servlet.error.BasicErrorController.error(javax.servlet.http.HttpServletRequest)
2018-08-08 17:27:54.514 [main] INFO  o.s.w.s.m.m.a.RequestMappingHandlerMapping - Mapped "{[/error],produces=[text/html]}" onto public org.springframework.web.servlet.ModelAndView org.springframework.boot.autoconfigure.web.servlet.error.BasicErrorController.errorHtml(javax.servlet.http.HttpServletRequest,javax.servlet.http.HttpServletResponse)
2018-08-08 17:27:54.723 [main] INFO  s.d.s.w.PropertySourcedRequestMappingHandlerMapping - Mapped URL path [/v2/api-docs] onto method [public org.springframework.http.ResponseEntity<springfox.documentation.spring.web.json.Json> springfox.documentation.swagger2.web.Swagger2Controller.getDocumentation(java.lang.String,javax.servlet.http.HttpServletRequest)]
2018-08-08 17:27:55.003 [main] INFO  o.s.web.servlet.handler.SimpleUrlHandlerMapping - Mapped URL path [/**/favicon.ico] onto handler of type [class org.springframework.web.servlet.resource.ResourceHttpRequestHandler]
2018-08-08 17:27:55.180 [main] INFO  o.s.w.s.m.m.a.RequestMappingHandlerAdapter - Looking for @ControllerAdvice: org.springframework.web.context.support.GenericWebApplicationContext@1a72a540: startup date [Wed Aug 08 17:27:51 CST 2018]; root of context hierarchy
2018-08-08 17:27:55.271 [main] INFO  o.s.web.servlet.handler.SimpleUrlHandlerMapping - Mapped URL path [/webjars/**] onto handler of type [class org.springframework.web.servlet.resource.ResourceHttpRequestHandler]
2018-08-08 17:27:55.271 [main] INFO  o.s.web.servlet.handler.SimpleUrlHandlerMapping - Mapped URL path [/**] onto handler of type [class org.springframework.web.servlet.resource.ResourceHttpRequestHandler]
2018-08-08 17:27:55.285 [main] INFO  o.s.w.s.m.m.a.ExceptionHandlerExceptionResolver - Detected @ExceptionHandler methods in globalExceptionHandler
2018-08-08 17:27:55.738 [main] INFO  o.s.context.support.DefaultLifecycleProcessor - Starting beans in phase 2147483647
2018-08-08 17:27:55.739 [main] INFO  s.d.s.web.plugins.DocumentationPluginsBootstrapper - Context refreshed
2018-08-08 17:27:55.783 [main] INFO  s.d.s.web.plugins.DocumentationPluginsBootstrapper - Found 1 custom documentation plugin(s)
2018-08-08 17:27:55.807 [main] INFO  s.d.spring.web.scanners.ApiListingReferenceScanner - Scanning for api listing references
2018-08-08 17:27:55.895 [main] INFO  s.d.s.w.r.operation.CachingOperationNameGenerator - Generating unique operation named: getSourceRankUsingGET_1
2018-08-08 17:27:55.922 [main] INFO  c.b.businesscircle.BusinessCircleApplicationTests - Started BusinessCircleApplicationTests in 5.15 seconds (JVM running for 7.058)
2018-08-08 17:27:56.405 [Thread-3] INFO  o.s.w.context.support.GenericWebApplicationContext - Closing org.springframework.web.context.support.GenericWebApplicationContext@1a72a540: startup date [Wed Aug 08 17:27:51 CST 2018]; root of context hierarchy
2018-08-08 17:27:56.407 [Thread-3] INFO  o.s.context.support.DefaultLifecycleProcessor - Stopping beans in phase 2147483647
2018-08-08 17:28:10.547 [main] INFO  o.s.b.t.context.SpringBootTestContextBootstrapper - Neither @ContextConfiguration nor @ContextHierarchy found for test class [com.bonc.businesscircle.BusinessCircleApplicationTests], using SpringBootContextLoader
2018-08-08 17:28:10.553 [main] INFO  o.s.test.context.support.AbstractContextLoader - Could not detect default resource locations for test class [com.bonc.businesscircle.BusinessCircleApplicationTests]: no resource found for suffixes {-context.xml, Context.groovy}.
2018-08-08 17:28:10.555 [main] INFO  o.s.t.c.support.AnnotationConfigContextLoaderUtils - Could not detect default configuration classes for test class [com.bonc.businesscircle.BusinessCircleApplicationTests]: BusinessCircleApplicationTests does not declare any static, non-private, non-final, nested classes annotated with @Configuration.
2018-08-08 17:28:10.681 [main] INFO  o.s.b.t.context.SpringBootTestContextBootstrapper - Found @SpringBootConfiguration com.bonc.businesscircle.BusinessCircleApplication for test class com.bonc.businesscircle.BusinessCircleApplicationTests
2018-08-08 17:28:10.785 [main] INFO  o.s.b.t.context.SpringBootTestContextBootstrapper - Loaded default TestExecutionListener class names from location [META-INF/spring.factories]: [org.springframework.boot.test.mock.mockito.MockitoTestExecutionListener, org.springframework.boot.test.mock.mockito.ResetMocksTestExecutionListener, org.springframework.boot.test.autoconfigure.restdocs.RestDocsTestExecutionListener, org.springframework.boot.test.autoconfigure.web.client.MockRestServiceServerResetTestExecutionListener, org.springframework.boot.test.autoconfigure.web.servlet.MockMvcPrintOnlyOnFailureTestExecutionListener, org.springframework.boot.test.autoconfigure.web.servlet.WebDriverTestExecutionListener, org.springframework.test.context.web.ServletTestExecutionListener, org.springframework.test.context.support.DirtiesContextBeforeModesTestExecutionListener, org.springframework.test.context.support.DependencyInjectionTestExecutionListener, org.springframework.test.context.support.DirtiesContextTestExecutionListener, org.springframework.test.context.transaction.TransactionalTestExecutionListener, org.springframework.test.context.jdbc.SqlScriptsTestExecutionListener]
2018-08-08 17:28:10.800 [main] INFO  o.s.b.t.context.SpringBootTestContextBootstrapper - Using TestExecutionListeners: [org.springframework.test.context.web.ServletTestExecutionListener@593aaf41, org.springframework.test.context.support.DirtiesContextBeforeModesTestExecutionListener@5a56cdac, org.springframework.boot.test.mock.mockito.MockitoTestExecutionListener@7c711375, org.springframework.boot.test.autoconfigure.SpringBootDependencyInjectionTestExecutionListener@57cf54e1, org.springframework.test.context.support.DirtiesContextTestExecutionListener@5b03b9fe, org.springframework.test.context.transaction.TransactionalTestExecutionListener@37d4349f, org.springframework.test.context.jdbc.SqlScriptsTestExecutionListener@434a63ab, org.springframework.boot.test.mock.mockito.ResetMocksTestExecutionListener@6e0f5f7f, org.springframework.boot.test.autoconfigure.restdocs.RestDocsTestExecutionListener@2805d709, org.springframework.boot.test.autoconfigure.web.client.MockRestServiceServerResetTestExecutionListener@3ee37e5a, org.springframework.boot.test.autoconfigure.web.servlet.MockMvcPrintOnlyOnFailureTestExecutionListener@2ea41516, org.springframework.boot.test.autoconfigure.web.servlet.WebDriverTestExecutionListener@3a44431a]
2018-08-08 17:28:11.109 [main] WARN  o.s.b.t.j.DuplicateJsonObjectContextCustomizerFactory$DuplicateJsonObjectContextCustomizer - 

Found multiple occurrences of org.json.JSONObject on the class path:

	jar:file:/D:/maven/repo/com/vaadin/external/google/android-json/0.0.20131108.vaadin1/android-json-0.0.20131108.vaadin1.jar!/org/json/JSONObject.class
	jar:file:/D:/maven/repo/org/json/json/20160810/json-20160810.jar!/org/json/JSONObject.class

You may wish to exclude one of them to ensure predictable runtime behavior

2018-08-08 17:28:11.127 [main] INFO  c.b.businesscircle.BusinessCircleApplicationTests - Starting BusinessCircleApplicationTests on zhaoxuyuan-PC with PID 8728 (started by leng in D:\czx_work\business-circle)
2018-08-08 17:28:11.164 [main] INFO  c.b.businesscircle.BusinessCircleApplicationTests - No active profile set, falling back to default profiles: default
2018-08-08 17:28:11.197 [main] INFO  o.s.w.context.support.GenericWebApplicationContext - Refreshing org.springframework.web.context.support.GenericWebApplicationContext@1a72a540: startup date [Wed Aug 08 17:28:11 CST 2018]; root of context hierarchy
2018-08-08 17:28:12.469 [main] INFO  o.s.c.s.PostProcessorRegistrationDelegate$BeanPostProcessorChecker - Bean 'org.springframework.transaction.annotation.ProxyTransactionManagementConfiguration' of type [org.springframework.transaction.annotation.ProxyTransactionManagementConfiguration$$EnhancerBySpringCGLIB$$a6d4bd75] is not eligible for getting processed by all BeanPostProcessors (for example: not eligible for auto-proxying)
2018-08-08 17:28:13.636 [main] INFO  o.s.w.s.m.m.a.RequestMappingHandlerMapping - Mapped "{[/consumption],methods=[GET]}" onto public java.lang.Object com.bonc.businesscircle.controller.ConsumptionController.getConsumptionNum(java.lang.String,java.lang.String) throws java.lang.Exception
2018-08-08 17:28:13.638 [main] INFO  o.s.w.s.m.m.a.RequestMappingHandlerMapping - Mapped "{[/crossroads],methods=[GET]}" onto public java.lang.Object com.bonc.businesscircle.controller.CrossroadsController.getCrossroadsNum(java.lang.String,java.lang.String) throws java.lang.Exception
2018-08-08 17:28:13.640 [main] INFO  o.s.w.s.m.m.a.RequestMappingHandlerMapping - Mapped "{[/demographic/sexAndAge],methods=[GET]}" onto public java.lang.Object com.bonc.businesscircle.controller.DemographicController.getSexNum(java.lang.String,java.lang.String) throws java.lang.Exception
2018-08-08 17:28:13.640 [main] INFO  o.s.w.s.m.m.a.RequestMappingHandlerMapping - Mapped "{[/demographic/work],methods=[GET]}" onto public java.lang.Object com.bonc.businesscircle.controller.DemographicController.getWorkNum(java.lang.String,java.lang.String) throws java.lang.Exception
2018-08-08 17:28:13.641 [main] INFO  o.s.w.s.m.m.a.RequestMappingHandlerMapping - Mapped "{[/time/avgTime],methods=[GET]}" onto public java.lang.Object com.bonc.businesscircle.controller.ResidentTimeController.getSourceRank(java.lang.String,java.lang.String) throws java.lang.Exception
2018-08-08 17:28:13.641 [main] INFO  o.s.w.s.m.m.a.RequestMappingHandlerMapping - Mapped "{[/time/avgAndNum],methods=[GET]}" onto public java.lang.Object com.bonc.businesscircle.controller.ResidentTimeController.getAvgAndNum(java.lang.String,java.lang.String) throws java.lang.Exception
2018-08-08 17:28:13.642 [main] INFO  o.s.w.s.m.m.a.RequestMappingHandlerMapping - Mapped "{[/rank/sourceRank],methods=[GET]}" onto public java.lang.Object com.bonc.businesscircle.controller.SourceRankController.getSourceRank(java.lang.String,java.lang.String) throws java.lang.Exception
2018-08-08 17:28:13.643 [main] INFO  o.s.w.s.m.m.a.RequestMappingHandlerMapping - Mapped "{[/rank/topRank],methods=[GET]}" onto public java.lang.Object com.bonc.businesscircle.controller.SourceRankController.getLiveRank(java.lang.String,java.lang.String,java.lang.String) throws java.lang.Exception
2018-08-08 17:28:13.643 [main] INFO  o.s.w.s.m.m.a.RequestMappingHandlerMapping - Mapped "{[/traffic/todayTraffic],methods=[GET]}" onto public java.lang.Object com.bonc.businesscircle.controller.TrafficAnalysisController.getTodayTraffic(java.lang.String,java.lang.String) throws java.lang.Exception
2018-08-08 17:28:13.644 [main] INFO  o.s.w.s.m.m.a.RequestMappingHandlerMapping - Mapped "{[/traffic/realTraffic],methods=[GET]}" onto public java.lang.Object com.bonc.businesscircle.controller.TrafficAnalysisController.getRealTraffic(java.lang.String,java.lang.String) throws java.lang.Exception
2018-08-08 17:28:13.644 [main] INFO  o.s.w.s.m.m.a.RequestMappingHandlerMapping - Mapped "{[/visitors],methods=[GET]}" onto public java.lang.Object com.bonc.businesscircle.controller.VisitorsTypeController.getVisitorsType(java.lang.String,java.lang.String) throws java.lang.Exception
2018-08-08 17:28:13.647 [main] INFO  o.s.w.s.m.m.a.RequestMappingHandlerMapping - Mapped "{[/swagger-resources]}" onto public org.springframework.http.ResponseEntity<java.util.List<springfox.documentation.swagger.web.SwaggerResource>> springfox.documentation.swagger.web.ApiResourceController.swaggerResources()
2018-08-08 17:28:13.647 [main] INFO  o.s.w.s.m.m.a.RequestMappingHandlerMapping - Mapped "{[/swagger-resources/configuration/ui]}" onto public org.springframework.http.ResponseEntity<springfox.documentation.swagger.web.UiConfiguration> springfox.documentation.swagger.web.ApiResourceController.uiConfiguration()
2018-08-08 17:28:13.648 [main] INFO  o.s.w.s.m.m.a.RequestMappingHandlerMapping - Mapped "{[/swagger-resources/configuration/security]}" onto public org.springframework.http.ResponseEntity<springfox.documentation.swagger.web.SecurityConfiguration> springfox.documentation.swagger.web.ApiResourceController.securityConfiguration()
2018-08-08 17:28:13.651 [main] INFO  o.s.w.s.m.m.a.RequestMappingHandlerMapping - Mapped "{[/error]}" onto public org.springframework.http.ResponseEntity<java.util.Map<java.lang.String, java.lang.Object>> org.springframework.boot.autoconfigure.web.servlet.error.BasicErrorController.error(javax.servlet.http.HttpServletRequest)
2018-08-08 17:28:13.652 [main] INFO  o.s.w.s.m.m.a.RequestMappingHandlerMapping - Mapped "{[/error],produces=[text/html]}" onto public org.springframework.web.servlet.ModelAndView org.springframework.boot.autoconfigure.web.servlet.error.BasicErrorController.errorHtml(javax.servlet.http.HttpServletRequest,javax.servlet.http.HttpServletResponse)
2018-08-08 17:28:13.834 [main] INFO  s.d.s.w.PropertySourcedRequestMappingHandlerMapping - Mapped URL path [/v2/api-docs] onto method [public org.springframework.http.ResponseEntity<springfox.documentation.spring.web.json.Json> springfox.documentation.swagger2.web.Swagger2Controller.getDocumentation(java.lang.String,javax.servlet.http.HttpServletRequest)]
2018-08-08 17:28:14.250 [main] INFO  o.s.web.servlet.handler.SimpleUrlHandlerMapping - Mapped URL path [/**/favicon.ico] onto handler of type [class org.springframework.web.servlet.resource.ResourceHttpRequestHandler]
2018-08-08 17:28:14.409 [main] INFO  o.s.w.s.m.m.a.RequestMappingHandlerAdapter - Looking for @ControllerAdvice: org.springframework.web.context.support.GenericWebApplicationContext@1a72a540: startup date [Wed Aug 08 17:28:11 CST 2018]; root of context hierarchy
2018-08-08 17:28:14.468 [main] INFO  o.s.web.servlet.handler.SimpleUrlHandlerMapping - Mapped URL path [/webjars/**] onto handler of type [class org.springframework.web.servlet.resource.ResourceHttpRequestHandler]
2018-08-08 17:28:14.468 [main] INFO  o.s.web.servlet.handler.SimpleUrlHandlerMapping - Mapped URL path [/**] onto handler of type [class org.springframework.web.servlet.resource.ResourceHttpRequestHandler]
2018-08-08 17:28:14.485 [main] INFO  o.s.w.s.m.m.a.ExceptionHandlerExceptionResolver - Detected @ExceptionHandler methods in globalExceptionHandler
2018-08-08 17:28:14.934 [main] INFO  o.s.context.support.DefaultLifecycleProcessor - Starting beans in phase 2147483647
2018-08-08 17:28:14.935 [main] INFO  s.d.s.web.plugins.DocumentationPluginsBootstrapper - Context refreshed
2018-08-08 17:28:14.955 [main] INFO  s.d.s.web.plugins.DocumentationPluginsBootstrapper - Found 1 custom documentation plugin(s)
2018-08-08 17:28:14.985 [main] INFO  s.d.spring.web.scanners.ApiListingReferenceScanner - Scanning for api listing references
2018-08-08 17:28:15.116 [main] INFO  s.d.s.w.r.operation.CachingOperationNameGenerator - Generating unique operation named: getSourceRankUsingGET_1
2018-08-08 17:28:15.155 [main] INFO  c.b.businesscircle.BusinessCircleApplicationTests - Started BusinessCircleApplicationTests in 4.323 seconds (JVM running for 5.187)
2018-08-08 17:28:15.285 [Thread-3] INFO  o.s.w.context.support.GenericWebApplicationContext - Closing org.springframework.web.context.support.GenericWebApplicationContext@1a72a540: startup date [Wed Aug 08 17:28:11 CST 2018]; root of context hierarchy
2018-08-08 17:28:15.288 [Thread-3] INFO  o.s.context.support.DefaultLifecycleProcessor - Stopping beans in phase 2147483647
2018-08-08 17:31:41.055 [main] INFO  o.s.b.t.context.SpringBootTestContextBootstrapper - Neither @ContextConfiguration nor @ContextHierarchy found for test class [com.bonc.businesscircle.BusinessCircleApplicationTests], using SpringBootContextLoader
2018-08-08 17:31:41.061 [main] INFO  o.s.test.context.support.AbstractContextLoader - Could not detect default resource locations for test class [com.bonc.businesscircle.BusinessCircleApplicationTests]: no resource found for suffixes {-context.xml, Context.groovy}.
2018-08-08 17:31:41.062 [main] INFO  o.s.t.c.support.AnnotationConfigContextLoaderUtils - Could not detect default configuration classes for test class [com.bonc.businesscircle.BusinessCircleApplicationTests]: BusinessCircleApplicationTests does not declare any static, non-private, non-final, nested classes annotated with @Configuration.
2018-08-08 17:31:41.168 [main] INFO  o.s.b.t.context.SpringBootTestContextBootstrapper - Found @SpringBootConfiguration com.bonc.businesscircle.BusinessCircleApplication for test class com.bonc.businesscircle.BusinessCircleApplicationTests
2018-08-08 17:31:41.260 [main] INFO  o.s.b.t.context.SpringBootTestContextBootstrapper - Loaded default TestExecutionListener class names from location [META-INF/spring.factories]: [org.springframework.boot.test.mock.mockito.MockitoTestExecutionListener, org.springframework.boot.test.mock.mockito.ResetMocksTestExecutionListener, org.springframework.boot.test.autoconfigure.restdocs.RestDocsTestExecutionListener, org.springframework.boot.test.autoconfigure.web.client.MockRestServiceServerResetTestExecutionListener, org.springframework.boot.test.autoconfigure.web.servlet.MockMvcPrintOnlyOnFailureTestExecutionListener, org.springframework.boot.test.autoconfigure.web.servlet.WebDriverTestExecutionListener, org.springframework.test.context.web.ServletTestExecutionListener, org.springframework.test.context.support.DirtiesContextBeforeModesTestExecutionListener, org.springframework.test.context.support.DependencyInjectionTestExecutionListener, org.springframework.test.context.support.DirtiesContextTestExecutionListener, org.springframework.test.context.transaction.TransactionalTestExecutionListener, org.springframework.test.context.jdbc.SqlScriptsTestExecutionListener]
2018-08-08 17:31:41.275 [main] INFO  o.s.b.t.context.SpringBootTestContextBootstrapper - Using TestExecutionListeners: [org.springframework.test.context.web.ServletTestExecutionListener@593aaf41, org.springframework.test.context.support.DirtiesContextBeforeModesTestExecutionListener@5a56cdac, org.springframework.boot.test.mock.mockito.MockitoTestExecutionListener@7c711375, org.springframework.boot.test.autoconfigure.SpringBootDependencyInjectionTestExecutionListener@57cf54e1, org.springframework.test.context.support.DirtiesContextTestExecutionListener@5b03b9fe, org.springframework.test.context.transaction.TransactionalTestExecutionListener@37d4349f, org.springframework.test.context.jdbc.SqlScriptsTestExecutionListener@434a63ab, org.springframework.boot.test.mock.mockito.ResetMocksTestExecutionListener@6e0f5f7f, org.springframework.boot.test.autoconfigure.restdocs.RestDocsTestExecutionListener@2805d709, org.springframework.boot.test.autoconfigure.web.client.MockRestServiceServerResetTestExecutionListener@3ee37e5a, org.springframework.boot.test.autoconfigure.web.servlet.MockMvcPrintOnlyOnFailureTestExecutionListener@2ea41516, org.springframework.boot.test.autoconfigure.web.servlet.WebDriverTestExecutionListener@3a44431a]
2018-08-08 17:31:41.552 [main] WARN  o.s.b.t.j.DuplicateJsonObjectContextCustomizerFactory$DuplicateJsonObjectContextCustomizer - 

Found multiple occurrences of org.json.JSONObject on the class path:

	jar:file:/D:/maven/repo/com/vaadin/external/google/android-json/0.0.20131108.vaadin1/android-json-0.0.20131108.vaadin1.jar!/org/json/JSONObject.class
	jar:file:/D:/maven/repo/org/json/json/20160810/json-20160810.jar!/org/json/JSONObject.class

You may wish to exclude one of them to ensure predictable runtime behavior

2018-08-08 17:31:41.606 [main] INFO  c.b.businesscircle.BusinessCircleApplicationTests - Starting BusinessCircleApplicationTests on zhaoxuyuan-PC with PID 10756 (started by leng in D:\czx_work\business-circle)
2018-08-08 17:31:41.607 [main] INFO  c.b.businesscircle.BusinessCircleApplicationTests - No active profile set, falling back to default profiles: default
2018-08-08 17:31:41.640 [main] INFO  o.s.w.context.support.GenericWebApplicationContext - Refreshing org.springframework.web.context.support.GenericWebApplicationContext@1a72a540: startup date [Wed Aug 08 17:31:41 CST 2018]; root of context hierarchy
2018-08-08 17:31:42.964 [main] INFO  o.s.c.s.PostProcessorRegistrationDelegate$BeanPostProcessorChecker - Bean 'org.springframework.transaction.annotation.ProxyTransactionManagementConfiguration' of type [org.springframework.transaction.annotation.ProxyTransactionManagementConfiguration$$EnhancerBySpringCGLIB$$89d97470] is not eligible for getting processed by all BeanPostProcessors (for example: not eligible for auto-proxying)
2018-08-08 17:31:44.168 [main] INFO  o.s.w.s.m.m.a.RequestMappingHandlerMapping - Mapped "{[/consumption],methods=[GET]}" onto public java.lang.Object com.bonc.businesscircle.controller.ConsumptionController.getConsumptionNum(java.lang.String,java.lang.String) throws java.lang.Exception
2018-08-08 17:31:44.171 [main] INFO  o.s.w.s.m.m.a.RequestMappingHandlerMapping - Mapped "{[/crossroads],methods=[GET]}" onto public java.lang.Object com.bonc.businesscircle.controller.CrossroadsController.getCrossroadsNum(java.lang.String,java.lang.String) throws java.lang.Exception
2018-08-08 17:31:44.172 [main] INFO  o.s.w.s.m.m.a.RequestMappingHandlerMapping - Mapped "{[/demographic/work],methods=[GET]}" onto public java.lang.Object com.bonc.businesscircle.controller.DemographicController.getWorkNum(java.lang.String,java.lang.String) throws java.lang.Exception
2018-08-08 17:31:44.173 [main] INFO  o.s.w.s.m.m.a.RequestMappingHandlerMapping - Mapped "{[/demographic/sexAndAge],methods=[GET]}" onto public java.lang.Object com.bonc.businesscircle.controller.DemographicController.getSexNum(java.lang.String,java.lang.String) throws java.lang.Exception
2018-08-08 17:31:44.174 [main] INFO  o.s.w.s.m.m.a.RequestMappingHandlerMapping - Mapped "{[/time/avgTime],methods=[GET]}" onto public java.lang.Object com.bonc.businesscircle.controller.ResidentTimeController.getSourceRank(java.lang.String,java.lang.String) throws java.lang.Exception
2018-08-08 17:31:44.174 [main] INFO  o.s.w.s.m.m.a.RequestMappingHandlerMapping - Mapped "{[/time/avgAndNum],methods=[GET]}" onto public java.lang.Object com.bonc.businesscircle.controller.ResidentTimeController.getAvgAndNum(java.lang.String,java.lang.String) throws java.lang.Exception
2018-08-08 17:31:44.175 [main] INFO  o.s.w.s.m.m.a.RequestMappingHandlerMapping - Mapped "{[/rank/sourceRank],methods=[GET]}" onto public java.lang.Object com.bonc.businesscircle.controller.SourceRankController.getSourceRank(java.lang.String,java.lang.String) throws java.lang.Exception
2018-08-08 17:31:44.175 [main] INFO  o.s.w.s.m.m.a.RequestMappingHandlerMapping - Mapped "{[/rank/topRank],methods=[GET]}" onto public java.lang.Object com.bonc.businesscircle.controller.SourceRankController.getLiveRank(java.lang.String,java.lang.String,java.lang.String) throws java.lang.Exception
2018-08-08 17:31:44.176 [main] INFO  o.s.w.s.m.m.a.RequestMappingHandlerMapping - Mapped "{[/traffic/todayTraffic],methods=[GET]}" onto public java.lang.Object com.bonc.businesscircle.controller.TrafficAnalysisController.getTodayTraffic(java.lang.String,java.lang.String) throws java.lang.Exception
2018-08-08 17:31:44.176 [main] INFO  o.s.w.s.m.m.a.RequestMappingHandlerMapping - Mapped "{[/traffic/realTraffic],methods=[GET]}" onto public java.lang.Object com.bonc.businesscircle.controller.TrafficAnalysisController.getRealTraffic(java.lang.String,java.lang.String) throws java.lang.Exception
2018-08-08 17:31:44.177 [main] INFO  o.s.w.s.m.m.a.RequestMappingHandlerMapping - Mapped "{[/visitors],methods=[GET]}" onto public java.lang.Object com.bonc.businesscircle.controller.VisitorsTypeController.getVisitorsType(java.lang.String,java.lang.String) throws java.lang.Exception
2018-08-08 17:31:44.181 [main] INFO  o.s.w.s.m.m.a.RequestMappingHandlerMapping - Mapped "{[/swagger-resources/configuration/security]}" onto public org.springframework.http.ResponseEntity<springfox.documentation.swagger.web.SecurityConfiguration> springfox.documentation.swagger.web.ApiResourceController.securityConfiguration()
2018-08-08 17:31:44.182 [main] INFO  o.s.w.s.m.m.a.RequestMappingHandlerMapping - Mapped "{[/swagger-resources]}" onto public org.springframework.http.ResponseEntity<java.util.List<springfox.documentation.swagger.web.SwaggerResource>> springfox.documentation.swagger.web.ApiResourceController.swaggerResources()
2018-08-08 17:31:44.183 [main] INFO  o.s.w.s.m.m.a.RequestMappingHandlerMapping - Mapped "{[/swagger-resources/configuration/ui]}" onto public org.springframework.http.ResponseEntity<springfox.documentation.swagger.web.UiConfiguration> springfox.documentation.swagger.web.ApiResourceController.uiConfiguration()
2018-08-08 17:31:44.187 [main] INFO  o.s.w.s.m.m.a.RequestMappingHandlerMapping - Mapped "{[/error]}" onto public org.springframework.http.ResponseEntity<java.util.Map<java.lang.String, java.lang.Object>> org.springframework.boot.autoconfigure.web.servlet.error.BasicErrorController.error(javax.servlet.http.HttpServletRequest)
2018-08-08 17:31:44.188 [main] INFO  o.s.w.s.m.m.a.RequestMappingHandlerMapping - Mapped "{[/error],produces=[text/html]}" onto public org.springframework.web.servlet.ModelAndView org.springframework.boot.autoconfigure.web.servlet.error.BasicErrorController.errorHtml(javax.servlet.http.HttpServletRequest,javax.servlet.http.HttpServletResponse)
2018-08-08 17:31:44.391 [main] INFO  s.d.s.w.PropertySourcedRequestMappingHandlerMapping - Mapped URL path [/v2/api-docs] onto method [public org.springframework.http.ResponseEntity<springfox.documentation.spring.web.json.Json> springfox.documentation.swagger2.web.Swagger2Controller.getDocumentation(java.lang.String,javax.servlet.http.HttpServletRequest)]
2018-08-08 17:31:44.621 [main] INFO  o.s.web.servlet.handler.SimpleUrlHandlerMapping - Mapped URL path [/**/favicon.ico] onto handler of type [class org.springframework.web.servlet.resource.ResourceHttpRequestHandler]
2018-08-08 17:31:44.801 [main] INFO  o.s.w.s.m.m.a.RequestMappingHandlerAdapter - Looking for @ControllerAdvice: org.springframework.web.context.support.GenericWebApplicationContext@1a72a540: startup date [Wed Aug 08 17:31:41 CST 2018]; root of context hierarchy
2018-08-08 17:31:44.870 [main] INFO  o.s.web.servlet.handler.SimpleUrlHandlerMapping - Mapped URL path [/webjars/**] onto handler of type [class org.springframework.web.servlet.resource.ResourceHttpRequestHandler]
2018-08-08 17:31:44.870 [main] INFO  o.s.web.servlet.handler.SimpleUrlHandlerMapping - Mapped URL path [/**] onto handler of type [class org.springframework.web.servlet.resource.ResourceHttpRequestHandler]
2018-08-08 17:31:44.886 [main] INFO  o.s.w.s.m.m.a.ExceptionHandlerExceptionResolver - Detected @ExceptionHandler methods in globalExceptionHandler
2018-08-08 17:31:45.335 [main] INFO  o.s.context.support.DefaultLifecycleProcessor - Starting beans in phase 2147483647
2018-08-08 17:31:45.335 [main] INFO  s.d.s.web.plugins.DocumentationPluginsBootstrapper - Context refreshed
2018-08-08 17:31:45.357 [main] INFO  s.d.s.web.plugins.DocumentationPluginsBootstrapper - Found 1 custom documentation plugin(s)
2018-08-08 17:31:45.382 [main] INFO  s.d.spring.web.scanners.ApiListingReferenceScanner - Scanning for api listing references
2018-08-08 17:31:45.468 [main] INFO  s.d.s.w.r.operation.CachingOperationNameGenerator - Generating unique operation named: getSourceRankUsingGET_1
2018-08-08 17:31:45.495 [main] INFO  c.b.businesscircle.BusinessCircleApplicationTests - Started BusinessCircleApplicationTests in 4.186 seconds (JVM running for 4.939)
2018-08-08 17:31:45.608 [Thread-3] INFO  o.s.w.context.support.GenericWebApplicationContext - Closing org.springframework.web.context.support.GenericWebApplicationContext@1a72a540: startup date [Wed Aug 08 17:31:41 CST 2018]; root of context hierarchy
2018-08-08 17:31:45.611 [Thread-3] INFO  o.s.context.support.DefaultLifecycleProcessor - Stopping beans in phase 2147483647
2018-08-08 17:31:56.145 [main] INFO  o.s.b.t.context.SpringBootTestContextBootstrapper - Neither @ContextConfiguration nor @ContextHierarchy found for test class [com.bonc.businesscircle.BusinessCircleApplicationTests], using SpringBootContextLoader
2018-08-08 17:31:56.150 [main] INFO  o.s.test.context.support.AbstractContextLoader - Could not detect default resource locations for test class [com.bonc.businesscircle.BusinessCircleApplicationTests]: no resource found for suffixes {-context.xml, Context.groovy}.
2018-08-08 17:31:56.151 [main] INFO  o.s.t.c.support.AnnotationConfigContextLoaderUtils - Could not detect default configuration classes for test class [com.bonc.businesscircle.BusinessCircleApplicationTests]: BusinessCircleApplicationTests does not declare any static, non-private, non-final, nested classes annotated with @Configuration.
2018-08-08 17:31:56.261 [main] INFO  o.s.b.t.context.SpringBootTestContextBootstrapper - Found @SpringBootConfiguration com.bonc.businesscircle.BusinessCircleApplication for test class com.bonc.businesscircle.BusinessCircleApplicationTests
2018-08-08 17:31:56.355 [main] INFO  o.s.b.t.context.SpringBootTestContextBootstrapper - Loaded default TestExecutionListener class names from location [META-INF/spring.factories]: [org.springframework.boot.test.mock.mockito.MockitoTestExecutionListener, org.springframework.boot.test.mock.mockito.ResetMocksTestExecutionListener, org.springframework.boot.test.autoconfigure.restdocs.RestDocsTestExecutionListener, org.springframework.boot.test.autoconfigure.web.client.MockRestServiceServerResetTestExecutionListener, org.springframework.boot.test.autoconfigure.web.servlet.MockMvcPrintOnlyOnFailureTestExecutionListener, org.springframework.boot.test.autoconfigure.web.servlet.WebDriverTestExecutionListener, org.springframework.test.context.web.ServletTestExecutionListener, org.springframework.test.context.support.DirtiesContextBeforeModesTestExecutionListener, org.springframework.test.context.support.DependencyInjectionTestExecutionListener, org.springframework.test.context.support.DirtiesContextTestExecutionListener, org.springframework.test.context.transaction.TransactionalTestExecutionListener, org.springframework.test.context.jdbc.SqlScriptsTestExecutionListener]
2018-08-08 17:31:56.370 [main] INFO  o.s.b.t.context.SpringBootTestContextBootstrapper - Using TestExecutionListeners: [org.springframework.test.context.web.ServletTestExecutionListener@593aaf41, org.springframework.test.context.support.DirtiesContextBeforeModesTestExecutionListener@5a56cdac, org.springframework.boot.test.mock.mockito.MockitoTestExecutionListener@7c711375, org.springframework.boot.test.autoconfigure.SpringBootDependencyInjectionTestExecutionListener@57cf54e1, org.springframework.test.context.support.DirtiesContextTestExecutionListener@5b03b9fe, org.springframework.test.context.transaction.TransactionalTestExecutionListener@37d4349f, org.springframework.test.context.jdbc.SqlScriptsTestExecutionListener@434a63ab, org.springframework.boot.test.mock.mockito.ResetMocksTestExecutionListener@6e0f5f7f, org.springframework.boot.test.autoconfigure.restdocs.RestDocsTestExecutionListener@2805d709, org.springframework.boot.test.autoconfigure.web.client.MockRestServiceServerResetTestExecutionListener@3ee37e5a, org.springframework.boot.test.autoconfigure.web.servlet.MockMvcPrintOnlyOnFailureTestExecutionListener@2ea41516, org.springframework.boot.test.autoconfigure.web.servlet.WebDriverTestExecutionListener@3a44431a]
2018-08-08 17:31:56.634 [main] WARN  o.s.b.t.j.DuplicateJsonObjectContextCustomizerFactory$DuplicateJsonObjectContextCustomizer - 

Found multiple occurrences of org.json.JSONObject on the class path:

	jar:file:/D:/maven/repo/com/vaadin/external/google/android-json/0.0.20131108.vaadin1/android-json-0.0.20131108.vaadin1.jar!/org/json/JSONObject.class
	jar:file:/D:/maven/repo/org/json/json/20160810/json-20160810.jar!/org/json/JSONObject.class

You may wish to exclude one of them to ensure predictable runtime behavior

2018-08-08 17:31:56.648 [main] INFO  c.b.businesscircle.BusinessCircleApplicationTests - Starting BusinessCircleApplicationTests on zhaoxuyuan-PC with PID 9220 (started by leng in D:\czx_work\business-circle)
2018-08-08 17:31:56.650 [main] INFO  c.b.businesscircle.BusinessCircleApplicationTests - No active profile set, falling back to default profiles: default
2018-08-08 17:31:56.712 [main] INFO  o.s.w.context.support.GenericWebApplicationContext - Refreshing org.springframework.web.context.support.GenericWebApplicationContext@1a72a540: startup date [Wed Aug 08 17:31:56 CST 2018]; root of context hierarchy
2018-08-08 17:31:58.019 [main] INFO  o.s.c.s.PostProcessorRegistrationDelegate$BeanPostProcessorChecker - Bean 'org.springframework.transaction.annotation.ProxyTransactionManagementConfiguration' of type [org.springframework.transaction.annotation.ProxyTransactionManagementConfiguration$$EnhancerBySpringCGLIB$$2818c7e6] is not eligible for getting processed by all BeanPostProcessors (for example: not eligible for auto-proxying)
2018-08-08 17:31:59.124 [main] INFO  o.s.w.s.m.m.a.RequestMappingHandlerMapping - Mapped "{[/consumption],methods=[GET]}" onto public java.lang.Object com.bonc.businesscircle.controller.ConsumptionController.getConsumptionNum(java.lang.String,java.lang.String) throws java.lang.Exception
2018-08-08 17:31:59.126 [main] INFO  o.s.w.s.m.m.a.RequestMappingHandlerMapping - Mapped "{[/crossroads],methods=[GET]}" onto public java.lang.Object com.bonc.businesscircle.controller.CrossroadsController.getCrossroadsNum(java.lang.String,java.lang.String) throws java.lang.Exception
2018-08-08 17:31:59.127 [main] INFO  o.s.w.s.m.m.a.RequestMappingHandlerMapping - Mapped "{[/demographic/work],methods=[GET]}" onto public java.lang.Object com.bonc.businesscircle.controller.DemographicController.getWorkNum(java.lang.String,java.lang.String) throws java.lang.Exception
2018-08-08 17:31:59.127 [main] INFO  o.s.w.s.m.m.a.RequestMappingHandlerMapping - Mapped "{[/demographic/sexAndAge],methods=[GET]}" onto public java.lang.Object com.bonc.businesscircle.controller.DemographicController.getSexNum(java.lang.String,java.lang.String) throws java.lang.Exception
2018-08-08 17:31:59.128 [main] INFO  o.s.w.s.m.m.a.RequestMappingHandlerMapping - Mapped "{[/time/avgTime],methods=[GET]}" onto public java.lang.Object com.bonc.businesscircle.controller.ResidentTimeController.getSourceRank(java.lang.String,java.lang.String) throws java.lang.Exception
2018-08-08 17:31:59.128 [main] INFO  o.s.w.s.m.m.a.RequestMappingHandlerMapping - Mapped "{[/time/avgAndNum],methods=[GET]}" onto public java.lang.Object com.bonc.businesscircle.controller.ResidentTimeController.getAvgAndNum(java.lang.String,java.lang.String) throws java.lang.Exception
2018-08-08 17:31:59.129 [main] INFO  o.s.w.s.m.m.a.RequestMappingHandlerMapping - Mapped "{[/rank/sourceRank],methods=[GET]}" onto public java.lang.Object com.bonc.businesscircle.controller.SourceRankController.getSourceRank(java.lang.String,java.lang.String) throws java.lang.Exception
2018-08-08 17:31:59.129 [main] INFO  o.s.w.s.m.m.a.RequestMappingHandlerMapping - Mapped "{[/rank/topRank],methods=[GET]}" onto public java.lang.Object com.bonc.businesscircle.controller.SourceRankController.getLiveRank(java.lang.String,java.lang.String,java.lang.String) throws java.lang.Exception
2018-08-08 17:31:59.130 [main] INFO  o.s.w.s.m.m.a.RequestMappingHandlerMapping - Mapped "{[/traffic/todayTraffic],methods=[GET]}" onto public java.lang.Object com.bonc.businesscircle.controller.TrafficAnalysisController.getTodayTraffic(java.lang.String,java.lang.String) throws java.lang.Exception
2018-08-08 17:31:59.131 [main] INFO  o.s.w.s.m.m.a.RequestMappingHandlerMapping - Mapped "{[/traffic/realTraffic],methods=[GET]}" onto public java.lang.Object com.bonc.businesscircle.controller.TrafficAnalysisController.getRealTraffic(java.lang.String,java.lang.String) throws java.lang.Exception
2018-08-08 17:31:59.131 [main] INFO  o.s.w.s.m.m.a.RequestMappingHandlerMapping - Mapped "{[/visitors],methods=[GET]}" onto public java.lang.Object com.bonc.businesscircle.controller.VisitorsTypeController.getVisitorsType(java.lang.String,java.lang.String) throws java.lang.Exception
2018-08-08 17:31:59.135 [main] INFO  o.s.w.s.m.m.a.RequestMappingHandlerMapping - Mapped "{[/swagger-resources/configuration/security]}" onto public org.springframework.http.ResponseEntity<springfox.documentation.swagger.web.SecurityConfiguration> springfox.documentation.swagger.web.ApiResourceController.securityConfiguration()
2018-08-08 17:31:59.136 [main] INFO  o.s.w.s.m.m.a.RequestMappingHandlerMapping - Mapped "{[/swagger-resources]}" onto public org.springframework.http.ResponseEntity<java.util.List<springfox.documentation.swagger.web.SwaggerResource>> springfox.documentation.swagger.web.ApiResourceController.swaggerResources()
2018-08-08 17:31:59.137 [main] INFO  o.s.w.s.m.m.a.RequestMappingHandlerMapping - Mapped "{[/swagger-resources/configuration/ui]}" onto public org.springframework.http.ResponseEntity<springfox.documentation.swagger.web.UiConfiguration> springfox.documentation.swagger.web.ApiResourceController.uiConfiguration()
2018-08-08 17:31:59.141 [main] INFO  o.s.w.s.m.m.a.RequestMappingHandlerMapping - Mapped "{[/error]}" onto public org.springframework.http.ResponseEntity<java.util.Map<java.lang.String, java.lang.Object>> org.springframework.boot.autoconfigure.web.servlet.error.BasicErrorController.error(javax.servlet.http.HttpServletRequest)
2018-08-08 17:31:59.142 [main] INFO  o.s.w.s.m.m.a.RequestMappingHandlerMapping - Mapped "{[/error],produces=[text/html]}" onto public org.springframework.web.servlet.ModelAndView org.springframework.boot.autoconfigure.web.servlet.error.BasicErrorController.errorHtml(javax.servlet.http.HttpServletRequest,javax.servlet.http.HttpServletResponse)
2018-08-08 17:31:59.345 [main] INFO  s.d.s.w.PropertySourcedRequestMappingHandlerMapping - Mapped URL path [/v2/api-docs] onto method [public org.springframework.http.ResponseEntity<springfox.documentation.spring.web.json.Json> springfox.documentation.swagger2.web.Swagger2Controller.getDocumentation(java.lang.String,javax.servlet.http.HttpServletRequest)]
2018-08-08 17:31:59.638 [main] INFO  o.s.web.servlet.handler.SimpleUrlHandlerMapping - Mapped URL path [/**/favicon.ico] onto handler of type [class org.springframework.web.servlet.resource.ResourceHttpRequestHandler]
2018-08-08 17:31:59.814 [main] INFO  o.s.w.s.m.m.a.RequestMappingHandlerAdapter - Looking for @ControllerAdvice: org.springframework.web.context.support.GenericWebApplicationContext@1a72a540: startup date [Wed Aug 08 17:31:56 CST 2018]; root of context hierarchy
2018-08-08 17:31:59.872 [main] INFO  o.s.web.servlet.handler.SimpleUrlHandlerMapping - Mapped URL path [/webjars/**] onto handler of type [class org.springframework.web.servlet.resource.ResourceHttpRequestHandler]
2018-08-08 17:31:59.872 [main] INFO  o.s.web.servlet.handler.SimpleUrlHandlerMapping - Mapped URL path [/**] onto handler of type [class org.springframework.web.servlet.resource.ResourceHttpRequestHandler]
2018-08-08 17:31:59.889 [main] INFO  o.s.w.s.m.m.a.ExceptionHandlerExceptionResolver - Detected @ExceptionHandler methods in globalExceptionHandler
2018-08-08 17:32:00.298 [main] INFO  o.s.context.support.DefaultLifecycleProcessor - Starting beans in phase 2147483647
2018-08-08 17:32:00.299 [main] INFO  s.d.s.web.plugins.DocumentationPluginsBootstrapper - Context refreshed
2018-08-08 17:32:00.319 [main] INFO  s.d.s.web.plugins.DocumentationPluginsBootstrapper - Found 1 custom documentation plugin(s)
2018-08-08 17:32:00.343 [main] INFO  s.d.spring.web.scanners.ApiListingReferenceScanner - Scanning for api listing references
2018-08-08 17:32:00.427 [main] INFO  s.d.s.w.r.operation.CachingOperationNameGenerator - Generating unique operation named: getSourceRankUsingGET_1
2018-08-08 17:32:00.455 [main] INFO  c.b.businesscircle.BusinessCircleApplicationTests - Started BusinessCircleApplicationTests in 4.054 seconds (JVM running for 4.841)
2018-08-08 17:32:00.581 [Thread-3] INFO  o.s.w.context.support.GenericWebApplicationContext - Closing org.springframework.web.context.support.GenericWebApplicationContext@1a72a540: startup date [Wed Aug 08 17:31:56 CST 2018]; root of context hierarchy
2018-08-08 17:32:00.583 [Thread-3] INFO  o.s.context.support.DefaultLifecycleProcessor - Stopping beans in phase 2147483647
2018-08-08 17:42:01.478 [http-nio-8080-exec-1] INFO  o.a.c.core.ContainerBase.[Tomcat].[localhost].[/] - Initializing Spring FrameworkServlet 'dispatcherServlet'
2018-08-08 17:42:01.478 [http-nio-8080-exec-1] INFO  org.springframework.web.servlet.DispatcherServlet - FrameworkServlet 'dispatcherServlet': initialization started
2018-08-08 17:42:01.495 [http-nio-8080-exec-1] INFO  org.springframework.web.servlet.DispatcherServlet - FrameworkServlet 'dispatcherServlet': initialization completed in 17 ms
2018-08-08 17:42:01.534 [http-nio-8080-exec-1] INFO  com.zaxxer.hikari.HikariDataSource - HikariPool-1 - Starting...
2018-08-08 17:42:02.528 [http-nio-8080-exec-1] INFO  com.zaxxer.hikari.HikariDataSource - HikariPool-1 - Start completed.
2018-08-08 17:42:02.865 [http-nio-8080-exec-1] INFO  com.bonc.businesscircle.util.ControllerLogAspect - invoke [com.bonc.businesscircle.controller.ConsumptionController.getConsumptionNum], parameter = [001, null].  Return value = "{\"msg\":\"\",\"code\":\"200\",\"data\":{\"constendCount\":7676,\"consumeCount\":4543,\"informationNum\":8743,\"financeNum\":8787,\"entNum\":5456,\"consume\":1,\"ent\":1,\"information\":2,\"finance\":2,\"constend\":2}}"
